May 01 2020 00:03:49
{"Number":2,"Message":"touch(): Utime failed: Input\/output error","File":"\/app\/public\/wp-content\/plugins\/all-in-one-wp-migration\/lib\/vendor\/servmask\/archiver\/class-ai1wm-extractor.php","Line":500}

May 01 2020 00:03:49
{"Number":2,"Message":"chmod(): Input\/output error","File":"\/app\/public\/wp-content\/plugins\/all-in-one-wp-migration\/lib\/vendor\/servmask\/archiver\/class-ai1wm-extractor.php","Line":503}

May 01 2020 00:03:50
{"Number":2,"Message":"touch(): Utime failed: Input\/output error","File":"\/app\/public\/wp-content\/plugins\/all-in-one-wp-migration\/lib\/vendor\/servmask\/archiver\/class-ai1wm-extractor.php","Line":500}

May 01 2020 00:03:50
{"Number":2,"Message":"chmod(): Input\/output error","File":"\/app\/public\/wp-content\/plugins\/all-in-one-wp-migration\/lib\/vendor\/servmask\/archiver\/class-ai1wm-extractor.php","Line":503}

May 01 2020 00:03:50
{"Number":2,"Message":"fopen(\/app\/public\/wp-content\/uploads\/2015\/05\/copy_0_curb_appeal_08-620x413.jpg): failed to open stream: No space left on device","File":"\/app\/public\/wp-content\/plugins\/all-in-one-wp-migration\/lib\/vendor\/servmask\/archiver\/class-ai1wm-extractor.php","Line":452}

May 01 2020 00:03:51
{"Number":2,"Message":"fopen(\/app\/public\/wp-content\/uploads\/2015\/05\/classic_kitchen_02-150x150.jpg): failed to open stream: No space left on device","File":"\/app\/public\/wp-content\/plugins\/all-in-one-wp-migration\/lib\/vendor\/servmask\/archiver\/class-ai1wm-extractor.php","Line":452}

May 01 2020 00:03:51
{"Number":2,"Message":"fopen(\/app\/public\/wp-content\/uploads\/2015\/05\/teakwood-poolside-paraside-08-440x292.jpg): failed to open stream: No space left on device","File":"\/app\/public\/wp-content\/plugins\/all-in-one-wp-migration\/lib\/vendor\/servmask\/archiver\/class-ai1wm-extractor.php","Line":452}

May 01 2020 00:03:51
{"Number":2,"Message":"touch(): Utime failed: Input\/output error","File":"\/app\/public\/wp-content\/plugins\/all-in-one-wp-migration\/lib\/vendor\/servmask\/archiver\/class-ai1wm-extractor.php","Line":500}

May 01 2020 00:03:51
{"Number":2,"Message":"fopen(\/app\/public\/wp-content\/uploads\/2015\/05\/cudahy-006-76x55.jpg): failed to open stream: No space left on device","File":"\/app\/public\/wp-content\/plugins\/all-in-one-wp-migration\/lib\/vendor\/servmask\/archiver\/class-ai1wm-extractor.php","Line":452}

May 01 2020 00:03:53
{"Number":2,"Message":"touch(): Utime failed: Input\/output error","File":"\/app\/public\/wp-content\/plugins\/all-in-one-wp-migration\/lib\/vendor\/servmask\/archiver\/class-ai1wm-extractor.php","Line":500}

May 01 2020 00:03:54
{"Number":2,"Message":"chmod(): Input\/output error","File":"\/app\/public\/wp-content\/plugins\/all-in-one-wp-migration\/lib\/vendor\/servmask\/archiver\/class-ai1wm-extractor.php","Line":503}

May 01 2020 00:04:00
{"Number":2,"Message":"touch(): Utime failed: Input\/output error","File":"\/app\/public\/wp-content\/plugins\/all-in-one-wp-migration\/lib\/vendor\/servmask\/archiver\/class-ai1wm-extractor.php","Line":500}

May 01 2020 00:04:05
{"Number":2,"Message":"fopen(\/app\/public\/wp-content\/uploads\/2015\/05\/tuscan_wine_10-76x55.jpg): failed to open stream: No space left on device","File":"\/app\/public\/wp-content\/plugins\/all-in-one-wp-migration\/lib\/vendor\/servmask\/archiver\/class-ai1wm-extractor.php","Line":452}

May 01 2020 00:04:07
{"Number":2,"Message":"fopen(\/app\/public\/wp-content\/uploads\/2015\/05\/killeen-020.jpg): failed to open stream: No space left on device","File":"\/app\/public\/wp-content\/plugins\/all-in-one-wp-migration\/lib\/vendor\/servmask\/archiver\/class-ai1wm-extractor.php","Line":452}

May 01 2020 00:04:10
{"Number":2,"Message":"fopen(\/app\/public\/wp-content\/uploads\/2015\/05\/before-4_full-263x350.jpg): failed to open stream: No space left on device","File":"\/app\/public\/wp-content\/plugins\/all-in-one-wp-migration\/lib\/vendor\/servmask\/archiver\/class-ai1wm-extractor.php","Line":452}

